
R version 4.5.0 (2025-04-11) -- "How About a Twenty-Six"
Copyright (C) 2025 The R Foundation for Statistical Computing
Platform: aarch64-apple-darwin20

R is free software and comes with ABSOLUTELY NO WARRANTY.
You are welcome to redistribute it under certain conditions.
Type 'license()' or 'licence()' for distribution details.

  Natural language support but running in an English locale

R is a collaborative project with many contributors.
Type 'contributors()' for more information and
'citation()' on how to cite R or R packages in publications.

Type 'demo()' for some demos, 'help()' for on-line help, or
'help.start()' for an HTML browser interface to help.
Type 'q()' to quit R.

> # ahs.R
> # check square footage for Minneapolis with ahs data
> # Tom Davidoff 
> # 04/03/26
> 
> library(data.table)
> 
> varnames = c("COUNTY_2010","OMB13CBSA","STATE","JUNITSIZE","JBLD","JNUNITS")
> df <- fread("~/DropboxExternal/dataRaw/ahs2023n.csv", select = varnames)
Warning messages:
1: In fread("~/DropboxExternal/dataRaw/ahs2023n.csv", select = varnames) :
  Column name 'COUNTY_2010' not found in column name header (case sensitive), skipping.
2: In fread("~/DropboxExternal/dataRaw/ahs2023n.csv", select = varnames) :
  Column name 'STATE' not found in column name header (case sensitive), skipping.
3: In fread("~/DropboxExternal/dataRaw/ahs2023n.csv", select = varnames) :
  Column name 'JNUNITS' not found in column name header (case sensitive), skipping.
> print(table(df[,JBLD]))

  '0'   '1'   '2'   '3' 
54394    73  1190    12 
> #df <- df[JBLD=="'2'"]
> print(table(df[,OMB13CBSA]))

'12060' '14460' '16980' '19100' '19820' '26420' '31080' '33100' '35620' '37980' 
   1938    2025    1999    2008    1986    2164    2123    1985    2584    1574 
'38060' '40140' '41860' '42660' '47900' '99998' '99999' 
   1730    1727    2067    2142    1903   20309    5405 
> df <- df[OMB13CBSA=="33460"] # Minneapolis-St. Paul-Bloomington, MN-WI
> print(names(df))
[1] "OMB13CBSA" "JUNITSIZE" "JBLD"     
> print(head(df))
Empty data.table (0 rows and 3 cols): OMB13CBSA,JUNITSIZE,JBLD
> print(summary(df[,as.numeric(JUNITSIZE)]))
   Min. 1st Qu.  Median    Mean 3rd Qu.    Max. 
                                                
> 
> 
> proc.time()
   user  system elapsed 
  2.535   0.167   1.012 
