
R version 4.5.2 (2025-10-31) -- "[Not] Part in a Rumble"
Copyright (C) 2025 The R Foundation for Statistical Computing
Platform: aarch64-apple-darwin20

R is free software and comes with ABSOLUTELY NO WARRANTY.
You are welcome to redistribute it under certain conditions.
Type 'license()' or 'licence()' for distribution details.

  Natural language support but running in an English locale

R is a collaborative project with many contributors.
Type 'contributors()' for more information and
'citation()' on how to cite R or R packages in publications.

Type 'demo()' for some demos, 'help()' for on-line help, or
'help.start()' for an HTML browser interface to help.
Type 'q()' to quit R.

> # bcaPropertyTypes.R
> # Tabulate BCA ActualUseDescription shares, propose property type map, cache to RDS.
> # Tom Davidoff 05/18/26
> 
> library(data.table)
> library(RSQLite)
> 
> SQLITE_FILE <- "~/DropboxExternal/dataRaw/REVD19_and_inventory_extracts.sqlite3"
> MAP_OUT     <- "~/DropboxExternal/dataProcessed/propertyTypeMap.rds"
> SHARE_FLOOR <- 0.005 # .0025 captures non-strata duplex
> 
> con <- dbConnect(SQLite(), SQLITE_FILE)
> des <- as.data.table(dbGetQuery(con, "SELECT folioID, actualUseDescription FROM folioDescription"))
> fol <- as.data.table(dbGetQuery(con, "SELECT folioID, jurisdictionCode FROM folio"))
> dbDisconnect(con)
> 
> dt <- merge(des, fol, by = "folioID")
> dt <- dt[actualUseDescription != "" & !is.na(actualUseDescription)]
> 
> tab <- dt[trimws(jurisdictionCode) == "200", .N, by = actualUseDescription] # COV
> tab[, share := N / sum(N)]
> setorder(tab, -share)
> print(tab[1:25])
                                  actualUseDescription     N       share
                                                <char> <int>       <num>
 1:                 Strata-Lot Residence (Condominium) 90180 0.432053813
 2:                             Single Family Dwelling 39651 0.189968571
 3:                    Residential Dwelling with Suite 34871 0.167067515
 4:                Row Housing (Single Unit Ownership) 10766 0.051580077
 5:                              Commercial Strata-Lot  5160 0.024721642
 6:                Individual Strata Lot (Hotel/Motel)  2745 0.013151339
 7:                        Duplex, Strata Front / Back  2622 0.012562044
 8: Stratified Rental Apartment (Hi-Rise Construction)  2475 0.011857764
 9:   Stratified Rental Apartment (Frame Construction)  2341 0.011215768
10:                          Multi-Family (Conversion)  2274 0.010894770
11:                     Multi-Family (Apartment Block)  1801 0.008628620
12:                        Duplex, Strata Side by Side  1524 0.007301508
13:                    Store(S) And Service Commercial  1117 0.005351565
14:                  Property Subject To Section 19(8)   995 0.004767061
15:                     Storage & Warehousing (Closed)   908 0.004350242
16:    Duplex, Non-Strata Side by Side or Front / Back   891 0.004268795
17:                       Store(S) And Living Quarters   859 0.004115483
18:                      Office Building (Primary Use)   629 0.003013549
19:                               Store(S) And Offices   595 0.002850654
20:       Civic, Institutional & Recreational (Vacant)   497 0.002381135
21:                           Multi-Family (High-Rise)   491 0.002352389
22:                   Strata Lot (Parking Residential)   388 0.001858914
23:               Vacant Residential Less Than 2 Acres   320 0.001533125
24:            Parking (Lot Only, Paved Or Gravel-Com)   313 0.001499588
25:                           Churches & Bible Schools   266 0.001274410
                                  actualUseDescription     N       share
                                                <char> <int>       <num>
> 
> use <- tab[share >= SHARE_FLOOR, actualUseDescription]
> hit <- function(pat) grep(pat, use, value = TRUE, ignore.case = TRUE)
> propertyTypeMap <- list(
+   singleFamily = setdiff(hit("single family|residential dwelling with suite"),
+                          hit("strata|duplex|condominium|apartment|multi")),
+   strata = setdiff(hit("strata|condominium|apartment"),
+                    hit("duplex|rental|commercial|hotel|block")),
+   duplex = hit("duplex")
+ )
> print(propertyTypeMap)
$singleFamily
[1] "Single Family Dwelling"          "Residential Dwelling with Suite"

$strata
[1] "Strata-Lot Residence (Condominium)"

$duplex
[1] "Duplex, Strata Front / Back" "Duplex, Strata Side by Side"

> for (nm in c("singleFamily", "strata", "duplex"))
+   cat(nm, "COV share:", tab[actualUseDescription %in% propertyTypeMap[[nm]], sum(share)], "\n")
singleFamily COV share: 0.3570361 
strata COV share: 0.4320538 
duplex COV share: 0.01986355 
> 
> saveRDS(propertyTypeMap, path.expand(MAP_OUT))
> 
> proc.time()
   user  system elapsed 
 14.754   0.600   6.786 
