
R version 4.5.2 (2025-10-31) -- "[Not] Part in a Rumble"
Copyright (C) 2025 The R Foundation for Statistical Computing
Platform: aarch64-apple-darwin20

R is free software and comes with ABSOLUTELY NO WARRANTY.
You are welcome to redistribute it under certain conditions.
Type 'license()' or 'licence()' for distribution details.

  Natural language support but running in an English locale

R is a collaborative project with many contributors.
Type 'contributors()' for more information and
'citation()' on how to cite R or R packages in publications.

Type 'demo()' for some demos, 'help()' for on-line help, or
'help.start()' for an HTML browser interface to help.
Type 'q()' to quit R.

> # countByYear.R
> # John Ries says problem with count by year
> # Tom Davidoff 
> # 06/02/26
> 
> library(data.table)
> library(sf)
Linking to GEOS 3.13.0, GDAL 3.8.5, PROJ 9.5.1; sf_use_s2() is TRUE
> 
> # latest transaction data 
> ds <- read_sf("~/bigFiles/latestSpatialBCA/2026-04-08_bca_folios.gpkg",layer="WHSE_HUMAN_CULTURAL_ECONOMIC_BCA_FOLIO_SALES_SV")
> dd <- read_sf("~/bigFiles/latestSpatialBCA/2026-04-08_bca_folios.gpkg",layer="WHSE_HUMAN_CULTURAL_ECONOMIC_BCA_FOLIO_DESCRIPTIONS_SV")
> ds <- data.table(ds)
