
R version 4.5.2 (2025-10-31) -- "[Not] Part in a Rumble"
Copyright (C) 2025 The R Foundation for Statistical Computing
Platform: aarch64-apple-darwin20

R is free software and comes with ABSOLUTELY NO WARRANTY.
You are welcome to redistribute it under certain conditions.
Type 'license()' or 'licence()' for distribution details.

  Natural language support but running in an English locale

R is a collaborative project with many contributors.
Type 'contributors()' for more information and
'citation()' on how to cite R or R packages in publications.

Type 'demo()' for some demos, 'help()' for on-line help, or
'help.start()' for an HTML browser interface to help.
Type 'q()' to quit R.

> # portlandAnalysis.R
> # Analyze the ppsf slope in sf and infill, as in Vancouver
> # Tom Davidoff
> # 12/26/25
> 
> 
> library(data.table)
> library(fixest)
> library(ggplot2)
> 
> # 1. Load ------------------------------------------------------------------
> permits <- readRDS("~/DropboxExternal/dataProcessed/portland_tract_propensity.rds")
> slopes  <- readRDS("~/DropboxExternal/dataProcessed/portland_slopes.rds")
> print(nrow(permits))
[1] 302
> print(nrow(slopes))
[1] 180
> 
> setDT(permits); setDT(slopes)
> 
> # 2. Align -----------------------------------------------------------------
> # Ensure ZIPs are 5-character strings and types match
> print(head(permits))
        geo_id           geo_name   zone infill_lot_count total_lots_active
        <char>             <char> <char>            <int>             <int>
1: 41051000302  Census Tract 3.02     R5                5                84
2: 41051008903 Census Tract 89.03    R10                4                72
3: 41051001900    Census Tract 19     R5                3                57
4: 41051003200    Census Tract 32     R5                2                51
5: 41051004003 Census Tract 40.03     R5               11                50
6: 41051003904 Census Tract 39.04     R5                9                48
   propensity
        <num>
1: 0.05952381
2: 0.05555556
3: 0.05263158
4: 0.03921569
5: 0.22000000
6: 0.18750000
> print(head(slopes))
Key: <tract>
    tract      slope    lppsf count medianSqft
   <char>      <num>    <num> <int>      <num>
1:   1000 -0.1220404 5.833782   151     1697.0
2:  10001 -0.4291751 5.435100   115     1558.0
3:  10002 -0.6370690 5.435328   234     1601.0
4:    101 -0.2022970 5.879227   106     1682.5
5:  10101 -1.1502300 5.405782   207     1503.0
6:  10102 -0.2696088 5.363808   177     1815.0
> print(table(slopes$tract))

 1000 10001 10002   101 10101 10102   102 10200 10303 10304 10305 10306 10402 
    1     1     1     1     1     1     1     1     1     1     1     1     1 
10405 10407 10408 10410 10411 10412 10413 10500  1101  1102  1202  1203  1204 
    1     1     1     1     1     1     1     1     1     1     1     1     1 
 1301  1302  1400  1500  1601  1602  1702  1703  1704  1801  1802  1900  2001 
    1     1     1     1     1     1     1     1     1     1     1     1     1 
 2002   201   202  2102  2203  2303  2401  2402  2501  2502  2600  2701  2702 
    1     1     1     1     1     1     1     1     1     1     1     1     1 
 2801  2802  2901  2902  2903  3000   301   302  3100  3200  3301  3302  3401 
    1     1     1     1     1     1     1     1     1     1     1     1     1 
 3402  3501  3502  3601  3602  3603  3701  3702  3801  3802  3803  3902  3903 
    1     1     1     1     1     1     1     1     1     1     1     1     1 
 3904  4002  4003   401   402  4102  4103  4104  4200  4300  4500  4601  4602 
    1     1     1     1     1     1     1     1     1     1     1     1     1 
 4700  4800   501   502  5500  5701  5800  5901  5903  6001  6002   601   602 
    1     1     1     1     1     1     1     1     1     1     1     1     1 
 6100  6200  6300  6402  6403  6404  6501  6502  6601  6602  6701  6702  6801 
    1     1     1     1     1     1     1     1     1     1     1     1     1 
 6802  6900  7001  7002   701   702  7100  7201  7202  7300  7400  7500  7600 
    1     1     1     1     1     1     1     1     1     1     1     1     1 
 7700  7800  7900  8001  8002   801   802  8100  8201  8203  8204  8301  8302 
    1     1     1     1     1     1     1     1     1     1     1     1     1 
 8400  8500  8600  8700  8800  8902  8903  8904  9001  9002   901   902  9101 
    1     1     1     1     1     1     1     1     1     1     1     1     1 
 9102  9202  9203  9204  9301  9302  9400  9501  9502  9603  9604  9605  9606 
    1     1     1     1     1     1     1     1     1     1     1     1     1 
 9701  9703  9704  9801  9803  9804  9903  9904  9905  9906  9907 
    1     1     1     1     1     1     1     1     1     1     1 
> # last 5 digits
> permits[,tractNumeric:=as.numeric(substring(geo_id, 7, 11))] # Extract numeric part of tract, last 5 digits
> slopes[,tractNumeric:=as.numeric(tract)]
> 
> #permits[, zip := sprintf("%05s", as.character(zip))]
> #slopes[,  zip := sprintf("%05s", as.character(zip))]
> 
> # Merge on Zip
> dt <- merge(permits, slopes, by = "tractNumeric")
> print(nrow(dt))
[1] 302
> print(head(dt))
Key: <tractNumeric>
   tractNumeric      geo_id          geo_name   zone infill_lot_count
          <num>      <char>            <char> <char>            <int>
1:          101 41051000101 Census Tract 1.01     R5                3
2:          101 41051000101 Census Tract 1.01   R2.5                2
3:          102 41051000102 Census Tract 1.02     R5                4
4:          102 41051000102 Census Tract 1.02   R2.5                2
5:          201 41051000201 Census Tract 2.01   R2.5                1
6:          201 41051000201 Census Tract 2.01     R5                0
   total_lots_active propensity  tract       slope    lppsf count medianSqft
               <int>      <num> <char>       <num>    <num> <int>      <num>
1:                18  0.1666667    101 -0.20229698 5.879227   106     1682.5
2:                 4  0.5000000    101 -0.20229698 5.879227   106     1682.5
3:                42  0.0952381    102 -0.02606194 6.040741    89     1592.0
4:                11  0.1818182    102 -0.02606194 6.040741    89     1592.0
5:                10  0.1000000    201 -0.24532964 5.729226    88     1743.5
6:                 8  0.0000000    201 -0.24532964 5.729226    88     1743.5
> print(summary(lm(propensity ~ (lppsf)*zone, dt)))

Call:
lm(formula = propensity ~ (lppsf) * zone, data = dt)

Residuals:
     Min       1Q   Median       3Q      Max 
-0.45785 -0.07641 -0.03144  0.04789  0.90125 

Coefficients:
               Estimate Std. Error t value Pr(>|t|)  
(Intercept)     1.22206    0.82598   1.480   0.1401  
lppsf          -0.19742    0.14348  -1.376   0.1699  
zoneR2.5        1.73183    1.00678   1.720   0.0865 .
zoneR20        -1.22206    1.89341  -0.645   0.5192  
zoneR5          0.12891    0.93002   0.139   0.8899  
zoneR7         -0.65652    1.00468  -0.653   0.5140  
lppsf:zoneR2.5 -0.26370    0.17417  -1.514   0.1311  
lppsf:zoneR20   0.19742    0.32443   0.609   0.5433  
lppsf:zoneR5   -0.01905    0.16120  -0.118   0.9060  
lppsf:zoneR7    0.10722    0.17528   0.612   0.5412  
---
Signif. codes:  0 ‘***’ 0.001 ‘**’ 0.01 ‘*’ 0.05 ‘.’ 0.1 ‘ ’ 1

Residual standard error: 0.1734 on 292 degrees of freedom
Multiple R-squared:  0.2755,	Adjusted R-squared:  0.2531 
F-statistic: 12.33 on 9 and 292 DF,  p-value: < 2.2e-16

> print(summary(lm(propensity ~ (slope)*zone, dt)))

Call:
lm(formula = propensity ~ (slope) * zone, data = dt)

Residuals:
     Min       1Q   Median       3Q      Max 
-0.33635 -0.09083 -0.05185  0.05274  0.91390 

Coefficients:
               Estimate Std. Error t value Pr(>|t|)  
(Intercept)     0.09960    0.05879   1.694   0.0913 .
slope           0.02758    0.10007   0.276   0.7830  
zoneR2.5        0.13685    0.06600   2.074   0.0390 *
zoneR20        -0.09960    0.09166  -1.087   0.2781  
zoneR5         -0.01645    0.06424  -0.256   0.7981  
zoneR7         -0.05077    0.07034  -0.722   0.4710  
slope:zoneR2.5 -0.09277    0.11088  -0.837   0.4034  
slope:zoneR20  -0.02758    0.15664  -0.176   0.8604  
slope:zoneR5   -0.04854    0.10945  -0.443   0.6578  
slope:zoneR7   -0.03609    0.11447  -0.315   0.7528  
---
Signif. codes:  0 ‘***’ 0.001 ‘**’ 0.01 ‘*’ 0.05 ‘.’ 0.1 ‘ ’ 1

Residual standard error: 0.1823 on 292 degrees of freedom
Multiple R-squared:  0.1991,	Adjusted R-squared:  0.1744 
F-statistic: 8.066 on 9 and 292 DF,  p-value: 1.107e-10

> print(summary(lm(propensity ~ (slope)+lppsf+zone, dt)))

Call:
lm(formula = propensity ~ (slope) + lppsf + zone, data = dt)

Residuals:
     Min       1Q   Median       3Q      Max 
-0.36501 -0.09158 -0.02828  0.05209  0.89883 

Coefficients:
             Estimate Std. Error t value Pr(>|t|)    
(Intercept)  1.431446   0.281612   5.083 6.61e-07 ***
slope       -0.008521   0.025569  -0.333    0.739    
lppsf       -0.234524   0.048255  -4.860 1.91e-06 ***
zoneR2.5     0.198138   0.038330   5.169 4.34e-07 ***
zoneR20     -0.061979   0.062452  -0.992    0.322    
zoneR5       0.020722   0.036882   0.562    0.575    
zoneR7      -0.051312   0.040110  -1.279    0.202    
---
Signif. codes:  0 ‘***’ 0.001 ‘**’ 0.01 ‘*’ 0.05 ‘.’ 0.1 ‘ ’ 1

Residual standard error: 0.1749 on 295 degrees of freedom
Multiple R-squared:  0.2556,	Adjusted R-squared:  0.2405 
F-statistic: 16.89 on 6 and 295 DF,  p-value: < 2.2e-16

> print(dt[,.(mp=mean(propensity),mpl=mean(lppsf),msqft=mean(medianSqft)),by=zone])
     zone         mp      mpl    msqft
   <char>      <num>    <num>    <num>
1:     R5 0.09247325 5.813839 1643.038
2:   R2.5 0.26711009 5.826605 1598.851
3:     R7 0.05353813 5.676654 1636.221
4:    R10 0.08647133 5.752195 1960.893
5:    R20 0.00000000 5.852562 2175.682
> for (z in unique(dt[,zone])) {
+ 	print(z)
+ 	print(summary(dt[zone==z,.(propensity, slope, lppsf)]))
+ 	print(summary(lm(propensity ~lppsf, dt[zone==z])))
+ 	print(summary(lm(propensity ~slope+lppsf, dt[zone==z])))
+ 	print(summary(lm(propensity ~slope+lppsf, dt[zone==z & slope <0 & slope > -1])))
+ }
[1] "R5"
   propensity          slope             lppsf      
 Min.   :0.00000   Min.   :-1.4131   Min.   :5.372  
 1st Qu.:0.00000   1st Qu.:-0.6414   1st Qu.:5.652  
 Median :0.05013   Median :-0.4783   Median :5.834  
 Mean   :0.09247   Mean   :-0.4451   Mean   :5.814  
 3rd Qu.:0.15110   3rd Qu.:-0.2515   3rd Qu.:5.979  
 Max.   :0.80000   Max.   : 0.8822   Max.   :6.223  

Call:
lm(formula = propensity ~ lppsf, data = dt[zone == z])

Residuals:
     Min       1Q   Median       3Q      Max 
-0.18338 -0.06826 -0.01357  0.05427  0.62084 

Coefficients:
            Estimate Std. Error t value Pr(>|t|)    
(Intercept)  1.35097    0.28884   4.677 7.92e-06 ***
lppsf       -0.21647    0.04965  -4.360 2.83e-05 ***
---
Signif. codes:  0 ‘***’ 0.001 ‘**’ 0.01 ‘*’ 0.05 ‘.’ 0.1 ‘ ’ 1

Residual standard error: 0.1172 on 116 degrees of freedom
Multiple R-squared:  0.1408,	Adjusted R-squared:  0.1334 
F-statistic: 19.01 on 1 and 116 DF,  p-value: 2.828e-05


Call:
lm(formula = propensity ~ slope + lppsf, data = dt[zone == z])

Residuals:
     Min       1Q   Median       3Q      Max 
-0.18356 -0.06870 -0.01451  0.05416  0.62120 

Coefficients:
             Estimate Std. Error t value Pr(>|t|)    
(Intercept)  1.355463   0.297761   4.552 1.33e-05 ***
slope        0.001949   0.029114   0.067    0.947    
lppsf       -0.217089   0.050725  -4.280 3.89e-05 ***
---
Signif. codes:  0 ‘***’ 0.001 ‘**’ 0.01 ‘*’ 0.05 ‘.’ 0.1 ‘ ’ 1

Residual standard error: 0.1177 on 115 degrees of freedom
Multiple R-squared:  0.1408,	Adjusted R-squared:  0.1259 
F-statistic: 9.426 on 2 and 115 DF,  p-value: 0.0001619


Call:
lm(formula = propensity ~ slope + lppsf, data = dt[zone == z & 
    slope < 0 & slope > -1])

Residuals:
     Min       1Q   Median       3Q      Max 
-0.20040 -0.06832 -0.00927  0.05705  0.61173 

Coefficients:
            Estimate Std. Error t value Pr(>|t|)    
(Intercept)  1.53600    0.33880   4.534 1.69e-05 ***
slope        0.02687    0.05586   0.481    0.632    
lppsf       -0.24519    0.05751  -4.264 4.74e-05 ***
---
Signif. codes:  0 ‘***’ 0.001 ‘**’ 0.01 ‘*’ 0.05 ‘.’ 0.1 ‘ ’ 1

Residual standard error: 0.1235 on 95 degrees of freedom
Multiple R-squared:  0.1607,	Adjusted R-squared:  0.143 
F-statistic: 9.092 on 2 and 95 DF,  p-value: 0.0002439

[1] "R2.5"
   propensity         slope             lppsf      
 Min.   :0.0000   Min.   :-1.5324   Min.   :5.375  
 1st Qu.:0.0000   1st Qu.:-0.6814   1st Qu.:5.671  
 Median :0.2111   Median :-0.4817   Median :5.845  
 Mean   :0.2671   Mean   :-0.4703   Mean   :5.827  
 3rd Qu.:0.4118   3rd Qu.:-0.2448   3rd Qu.:5.973  
 Max.   :1.0000   Max.   : 0.7605   Max.   :6.169  

Call:
lm(formula = propensity ~ lppsf, data = dt[zone == z])

Residuals:
     Min       1Q   Median       3Q      Max 
-0.45785 -0.16415 -0.03706  0.15086  0.63378 

Coefficients:
            Estimate Std. Error t value Pr(>|t|)    
(Intercept)   2.9539     0.7940   3.720 0.000363 ***
lppsf        -0.4611     0.1362  -3.386 0.001092 ** 
---
Signif. codes:  0 ‘***’ 0.001 ‘**’ 0.01 ‘*’ 0.05 ‘.’ 0.1 ‘ ’ 1

Residual standard error: 0.2392 on 82 degrees of freedom
Multiple R-squared:  0.1226,	Adjusted R-squared:  0.1119 
F-statistic: 11.46 on 1 and 82 DF,  p-value: 0.001092


Call:
lm(formula = propensity ~ slope + lppsf, data = dt[zone == z])

Residuals:
     Min       1Q   Median       3Q      Max 
-0.46359 -0.14613 -0.03689  0.14779  0.62736 

Coefficients:
            Estimate Std. Error t value Pr(>|t|)    
(Intercept)  2.91353    0.79513   3.664 0.000442 ***
slope       -0.06222    0.06265  -0.993 0.323620    
lppsf       -0.45922    0.13623  -3.371 0.001150 ** 
---
Signif. codes:  0 ‘***’ 0.001 ‘**’ 0.01 ‘*’ 0.05 ‘.’ 0.1 ‘ ’ 1

Residual standard error: 0.2392 on 81 degrees of freedom
Multiple R-squared:  0.1332,	Adjusted R-squared:  0.1118 
F-statistic: 6.223 on 2 and 81 DF,  p-value: 0.003061


Call:
lm(formula = propensity ~ slope + lppsf, data = dt[zone == z & 
    slope < 0 & slope > -1])

Residuals:
     Min       1Q   Median       3Q      Max 
-0.43111 -0.15023 -0.02508  0.10109  0.65251 

Coefficients:
            Estimate Std. Error t value Pr(>|t|)   
(Intercept)  2.71416    0.83306   3.258  0.00181 **
slope        0.01231    0.11960   0.103  0.91836   
lppsf       -0.42047    0.14260  -2.949  0.00447 **
---
Signif. codes:  0 ‘***’ 0.001 ‘**’ 0.01 ‘*’ 0.05 ‘.’ 0.1 ‘ ’ 1

Residual standard error: 0.2328 on 63 degrees of freedom
Multiple R-squared:  0.1215,	Adjusted R-squared:  0.0936 
F-statistic: 4.356 on 2 and 63 DF,  p-value: 0.01691

[1] "R7"
   propensity          slope             lppsf      
 Min.   :0.00000   Min.   :-1.5150   Min.   :5.366  
 1st Qu.:0.00000   1st Qu.:-0.7600   1st Qu.:5.505  
 Median :0.00000   Median :-0.5023   Median :5.649  
 Mean   :0.05354   Mean   :-0.5537   Mean   :5.677  
 3rd Qu.:0.03226   3rd Qu.:-0.3651   3rd Qu.:5.839  
 Max.   :0.50000   Max.   : 0.4210   Max.   :6.191  

Call:
lm(formula = propensity ~ lppsf, data = dt[zone == z])

Residuals:
     Min       1Q   Median       3Q      Max 
-0.08099 -0.06548 -0.03927 -0.00713  0.42096 

Coefficients:
            Estimate Std. Error t value Pr(>|t|)
(Intercept)  0.56554    0.36122   1.566    0.123
lppsf       -0.09019    0.06358  -1.418    0.161

Residual standard error: 0.1095 on 59 degrees of freedom
Multiple R-squared:  0.03298,	Adjusted R-squared:  0.01659 
F-statistic: 2.012 on 1 and 59 DF,  p-value: 0.1613


Call:
lm(formula = propensity ~ slope + lppsf, data = dt[zone == z])

Residuals:
     Min       1Q   Median       3Q      Max 
-0.08080 -0.06695 -0.03966 -0.00748  0.42055 

Coefficients:
             Estimate Std. Error t value Pr(>|t|)
(Intercept)  0.571931   0.378429   1.511    0.136
slope        0.002156   0.034537   0.062    0.950
lppsf       -0.091110   0.065785  -1.385    0.171

Residual standard error: 0.1105 on 58 degrees of freedom
Multiple R-squared:  0.03304,	Adjusted R-squared:  -0.0002996 
F-statistic: 0.991 on 2 and 58 DF,  p-value: 0.3774


Call:
lm(formula = propensity ~ slope + lppsf, data = dt[zone == z & 
    slope < 0 & slope > -1])

Residuals:
     Min       1Q   Median       3Q      Max 
-0.07244 -0.04929 -0.02983 -0.01094  0.43439 

Coefficients:
            Estimate Std. Error t value Pr(>|t|)
(Intercept)  0.52565    0.42466   1.238    0.222
slope        0.05905    0.07742   0.763    0.450
lppsf       -0.07997    0.07211  -1.109    0.274

Residual standard error: 0.1025 on 43 degrees of freedom
Multiple R-squared:  0.03212,	Adjusted R-squared:  -0.0129 
F-statistic: 0.7135 on 2 and 43 DF,  p-value: 0.4956

[1] "R10"
   propensity          slope             lppsf      
 Min.   :0.00000   Min.   :-1.3609   Min.   :5.372  
 1st Qu.:0.00000   1st Qu.:-0.6612   1st Qu.:5.557  
 Median :0.00000   Median :-0.4871   Median :5.755  
 Mean   :0.08647   Mean   :-0.4759   Mean   :5.752  
 3rd Qu.:0.00000   3rd Qu.:-0.2878   3rd Qu.:5.946  
 Max.   :1.00000   Max.   : 0.4210   Max.   :6.179  

Call:
lm(formula = propensity ~ lppsf, data = dt[zone == z])

Residuals:
     Min       1Q   Median       3Q      Max 
-0.15721 -0.10657 -0.06718 -0.02823  0.90125 

Coefficients:
            Estimate Std. Error t value Pr(>|t|)
(Intercept)   1.2221     1.2493   0.978    0.337
lppsf        -0.1974     0.2170  -0.910    0.371

Residual standard error: 0.2623 on 26 degrees of freedom
Multiple R-squared:  0.03085,	Adjusted R-squared:  -0.006428 
F-statistic: 0.8276 on 1 and 26 DF,  p-value: 0.3713


Call:
lm(formula = propensity ~ slope + lppsf, data = dt[zone == z])

Residuals:
     Min       1Q   Median       3Q      Max 
-0.17261 -0.11656 -0.06281 -0.01945  0.90022 

Coefficients:
            Estimate Std. Error t value Pr(>|t|)
(Intercept)  1.44136    1.35028   1.067    0.296
slope        0.07241    0.15293   0.473    0.640
lppsf       -0.22955    0.23054  -0.996    0.329

Residual standard error: 0.2663 on 25 degrees of freedom
Multiple R-squared:  0.03946,	Adjusted R-squared:  -0.03738 
F-statistic: 0.5135 on 2 and 25 DF,  p-value: 0.6046


Call:
lm(formula = propensity ~ slope + lppsf, data = dt[zone == z & 
    slope < 0 & slope > -1])

Residuals:
     Min       1Q   Median       3Q      Max 
-0.18184 -0.11747 -0.06842 -0.02897  0.89775 

Coefficients:
            Estimate Std. Error t value Pr(>|t|)
(Intercept)   1.4243     1.6305   0.874    0.392
slope         0.1034     0.2924   0.354    0.727
lppsf        -0.2235     0.2756  -0.811    0.427

Residual standard error: 0.2893 on 21 degrees of freedom
Multiple R-squared:  0.03084,	Adjusted R-squared:  -0.06146 
F-statistic: 0.3341 on 2 and 21 DF,  p-value: 0.7197

[1] "R20"
   propensity     slope              lppsf      
 Min.   :0    Min.   :-1.36089   Min.   :5.456  
 1st Qu.:0    1st Qu.:-0.51024   1st Qu.:5.717  
 Median :0    Median :-0.36955   Median :5.921  
 Mean   :0    Mean   :-0.36398   Mean   :5.853  
 3rd Qu.:0    3rd Qu.:-0.08825   3rd Qu.:5.994  
 Max.   :0    Max.   : 0.42099   Max.   :6.065  

Call:
lm(formula = propensity ~ lppsf, data = dt[zone == z])

Residuals:
   Min     1Q Median     3Q    Max 
     0      0      0      0      0 

Coefficients:
            Estimate Std. Error t value Pr(>|t|)
(Intercept)        0          0     NaN      NaN
lppsf              0          0     NaN      NaN

Residual standard error: 0 on 9 degrees of freedom
Multiple R-squared:    NaN,	Adjusted R-squared:    NaN 
F-statistic:   NaN on 1 and 9 DF,  p-value: NA


Call:
lm(formula = propensity ~ slope + lppsf, data = dt[zone == z])

Residuals:
   Min     1Q Median     3Q    Max 
     0      0      0      0      0 

Coefficients:
            Estimate Std. Error t value Pr(>|t|)
(Intercept)        0          0     NaN      NaN
slope              0          0     NaN      NaN
lppsf              0          0     NaN      NaN

Residual standard error: 0 on 8 degrees of freedom
Multiple R-squared:    NaN,	Adjusted R-squared:    NaN 
F-statistic:   NaN on 2 and 8 DF,  p-value: NA


Call:
lm(formula = propensity ~ slope + lppsf, data = dt[zone == z & 
    slope < 0 & slope > -1])

Residuals:
1 2 3 4 5 6 7 
0 0 0 0 0 0 0 

Coefficients:
            Estimate Std. Error t value Pr(>|t|)
(Intercept)        0          0     NaN      NaN
slope              0          0     NaN      NaN
lppsf              0          0     NaN      NaN

Residual standard error: 0 on 4 degrees of freedom
Multiple R-squared:    NaN,	Adjusted R-squared:    NaN 
F-statistic:   NaN on 2 and 4 DF,  p-value: NA

> q("no")
> proc.time()
   user  system elapsed 
  0.556   0.083   0.695 
