
R version 4.5.2 (2025-10-31) -- "[Not] Part in a Rumble"
Copyright (C) 2025 The R Foundation for Statistical Computing
Platform: aarch64-apple-darwin20

R is free software and comes with ABSOLUTELY NO WARRANTY.
You are welcome to redistribute it under certain conditions.
Type 'license()' or 'licence()' for distribution details.

  Natural language support but running in an English locale

R is a collaborative project with many contributors.
Type 'contributors()' for more information and
'citation()' on how to cite R or R packages in publications.

Type 'demo()' for some demos, 'help()' for on-line help, or
'help.start()' for an HTML browser interface to help.
Type 'q()' to quit R.

> # ppsfElasticity.R
> # For each neighbourhood in Vancouver regional district, each year, compute ppsf and elasticity wrt sqft for single, duplex, both
> # Then look at correlations; predict value of single vs duplex redevelopment on standard 33x122 lot
> # Tom Davidoff
> # 03/20/26
> 
> library(data.table)
> library(ggplot2)
> library(fixest)
> 
> # Centroids: used for East/West classification by longitude
> dG <- readRDS("~/OneDrive - UBC/dataProcessed/bca25Centroids.rds")
> print(head(dG))
       ROLL_NUMBER       lon      lat
            <char>     <num>    <num>
1: 001640020020000 -123.2147 49.26881
2: 001686032390000 -123.1926 49.26020
3: 001670037240009 -123.1874 49.26323
4: 001686026110000 -123.2056 49.26039
5: 001688022610000 -123.2102 49.25956
6: 001670037380019 -123.1871 49.26322
> 
> # Drop missing and duplicate roll numbers from centroids
> dG <- dG[!is.na(ROLL_NUMBER)]
> dG[, n := .N, by = ROLL_NUMBER]
> dG <- dG[n == 1][, n := NULL]
> 
> # Ontario Street longitude threshold for East/West split
> LON_ONTARIO <- -123.1027
> 
> # Sales data
> dS <- fread("~/OneDrive - UBC/Documents/data/bca/data_advice_REVD25_20250331/bca_folio_sales_20250331_REVD25.csv",
+             select = c("ROLL_NUMBER","FOLIO_ID","CONVEYANCE_TYPE_DESCRIPTION","CONVEYANCE_DATE","CONVEYANCE_PRICE"))
> dS[, year := as.numeric(substr(CONVEYANCE_DATE, 1, 4))]
> MINYEAR <- 2016
> MAXYEAR <- 2024
> dS <- dS[year >= MINYEAR & year <= MAXYEAR & CONVEYANCE_TYPE_DESCRIPTION == "Improved Single Property Transaction"]
> 
> # Description / use classification
> dD <- fread("~/OneDrive - UBC/Documents/data/bca/data_advice_REVD25_20250331/bca_folio_descriptions_20250331_REVD25.csv",
+             select = c("ROLL_NUMBER","FOLIO_ID","JURISDICTION","JURISDICTION_CODE","NEIGHBOURHOOD","ACTUAL_USE_DESCRIPTION"))
> dD[, use := ifelse(ACTUAL_USE_DESCRIPTION %in% c("Single Family Dwelling","Residential Dwelling with Suite"), "single",
+              ifelse(grepl("Duplex", ACTUAL_USE_DESCRIPTION), "duplex",
+                ifelse(grepl("Strata-Lot Residence", ACTUAL_USE_DESCRIPTION), "condo", "Other")))]
> print(table(dD[, use]))

 condo duplex  Other single 
422424 131515 763552 890220 
> 
> # Metro Vancouver assessment areas
> dtMapper <- fread("~/OneDrive - UBC/dataProcessed/regional_district_assessment_area.csv")
> gV <- as.numeric(dtMapper[`Assessment Area` == 9, .(`Regional District`)][1])
> needInventory <- unique(dtMapper[`Regional District` == gV, .(AA = `Assessment Area`)]$AA)
> 
> # Read residential inventory across all assessment areas
> for (i in 1:length(needInventory)) {
+   filename <- paste0("~/OneDrive - UBC/Documents/data/bca/Residential_inventory_202501/20250101_A",
+                      ifelse(needInventory[i] < 10, paste0("0", needInventory[i]), needInventory[i]),
+                      "_Residential_Inventory_Extract.txt")
+   dtTemp <- fread(filename, select = c("Roll_Number","MB_Total_Finished_Area","Zoning","Land_Width_Width",
+                                        "Land_Depth_Depth","MB_Effective_Year","Jurisdiction"),
+                   colClasses = c(Roll_Number = "character", MB_Total_Finished_Area = "numeric",
+                                  Zoning = "character", Land_Width_Width = "numeric",
+                                  Land_Depth_Depth = "numeric"))
+   dtInventory <- if (i == 1) dtTemp else rbind(dtInventory, dtTemp)
+ }
> print(table(dtInventory[, Jurisdiction]))

   200    216    220    221    224    225    236    301    303    305    306 
200004  10986  25688  19123  20855  13190   9358  90913  31638  52801  33224 
   310    311    312    313    314    316    319    320    321    326    328 
  2315  48550  31737  44219  13536  32199   6742  79912   2358 162864  16676 
   338    346    390    403    432    501    504    524    527    537    560 
  9705    400  10629   2384   3120    827    448   2266   1564    578   1440 
   570    631    732    733    736    739    742    743    744    745    746 
  5732   1537   1219   3228     20   4840    227    318     18    164  12202 
   748    775    776 
  2146   2105   1209 
> 
> MAXWIDTH <- 90
> dtInventory <- dtInventory[Land_Width_Width <= MAXWIDTH | is.na(Land_Width_Width)]
> 
> # Merge key: numeric roll number + jurisdiction
> dD[, ROLL_NUMBER := as.numeric(ROLL_NUMBER)]
Warning message:
In eval(jsub, SDenv, parent.frame()) : NAs introduced by coercion
> dG[, ROLL_NUMBER := as.numeric(ROLL_NUMBER)]
Warning message:
In eval(jsub, SDenv, parent.frame()) : NAs introduced by coercion
> dD <- dD[!is.na(ROLL_NUMBER)]
> dG <- dG[!is.na(ROLL_NUMBER)]
> dD <- merge(dD, dG[, .(ROLL_NUMBER, lon)], by = "ROLL_NUMBER")
> dtInventory[, ROLL_NUMBER := as.numeric(Roll_Number)]
Warning message:
In eval(jsub, SDenv, parent.frame()) : NAs introduced by coercion
> dtInventory <- dtInventory[!is.na(ROLL_NUMBER)]
> dD <- dD[!is.na(ROLL_NUMBER)]
> dD[, n := .N, by = ROLL_NUMBER]
> dD <- dD[n == 1][, n := NULL]
> dD[, id := paste(ROLL_NUMBER, JURISDICTION_CODE)]
> dtInventory[, id := paste(ROLL_NUMBER, Jurisdiction)]
> 
> # ── Build single dtMerge unconditional on use type ──
> dtMerge <- merge(dtInventory, dD, by = "id")
> dtMerge <- merge(dtMerge, dS, by = "FOLIO_ID", all.x = TRUE)
> dtMerge[, ppsf    := CONVEYANCE_PRICE / MB_Total_Finished_Area]
> dtMerge[, logppsf := log(ppsf)]
> dtMerge[, logsqft := log(MB_Total_Finished_Area)]
> dtMerge[, age     := year - MB_Effective_Year]
> dtMerge <- dtMerge[!is.na(logppsf) & !is.na(logsqft)]
> 
> # ── Lot geometry subset for estimation and prediction: 31-35' wide, >100' deep ──
> LOT_WIDTH_LO <- 31; LOT_WIDTH_HI <- 35; LOT_DEPTH_MIN <- 100
> dtLot <- dtMerge[Land_Width_Width >= LOT_WIDTH_LO & Land_Width_Width <= LOT_WIDTH_HI &
+                  Land_Depth_Depth > LOT_DEPTH_MIN]
> 
> # ── Neighbourhood x year stats: single family on lot subset ──
> MINAGE <- 0; MAXAGE <- 30; MINOBS <- 20
> dtGroup <- dtLot[use == "single" & age >= MINAGE & age <= MAXAGE,
+                  .(cov      = cov(logppsf, logsqft),
+                    var      = var(logsqft),
+                    mppsf    = mean(logppsf),
+                    mlogsqft = mean(logsqft),
+                    nGroup   = .N,
+                    EastWest = ifelse(mean(lon, na.rm = TRUE) <= LON_ONTARIO, "West", "East")),
+                  by = c("year","NEIGHBOURHOOD","JURISDICTION")]
> dtGroup[, elasticity := cov / var]
> dtGroup <- dtGroup[nGroup >= MINOBS]
> print(summary(dtGroup))
      year      NEIGHBOURHOOD      JURISDICTION            cov           
 Min.   :2016   Length:108         Length:108         Min.   :-0.064761  
 1st Qu.:2017   Class :character   Class :character   1st Qu.:-0.011500  
 Median :2020   Mode  :character   Mode  :character   Median :-0.006542  
 Mean   :2019                                         Mean   :-0.007997  
 3rd Qu.:2021                                         3rd Qu.:-0.002883  
 Max.   :2024                                         Max.   : 0.015910  
      var               mppsf          mlogsqft         nGroup     
 Min.   :0.001768   Min.   :5.863   Min.   :7.684   Min.   :20.00  
 1st Qu.:0.014874   1st Qu.:6.599   1st Qu.:7.742   1st Qu.:23.75  
 Median :0.020862   Median :6.791   Median :7.790   Median :31.00  
 Mean   :0.024621   Mean   :6.805   Mean   :7.802   Mean   :33.93  
 3rd Qu.:0.028831   3rd Qu.:7.039   3rd Qu.:7.859   3rd Qu.:40.00  
 Max.   :0.099578   Max.   :7.289   Max.   :8.068   Max.   :77.00  
   EastWest           elasticity     
 Length:108         Min.   :-0.9518  
 Class :character   1st Qu.:-0.4399  
 Mode  :character   Median :-0.3018  
                    Mean   :-0.2858  
                    3rd Qu.:-0.1600  
                    Max.   : 0.9370  
> 
> # ── Elasticity regressions (metro and City of Vancouver) ──
> print(summary(feols(elasticity ~ mppsf | year, data = dtGroup)))
OLS estimation, Dep. Var.: elasticity
Observations: 108
Fixed-effects: year: 9
Standard-errors: IID 
      Estimate Std. Error t value   Pr(>|t|)    
mppsf 0.469782   0.108631 4.32459 3.6784e-05 ***
---
Signif. codes:  0 '***' 0.001 '**' 0.01 '*' 0.05 '.' 0.1 ' ' 1
RMSE: 0.265171     Adj. R2: 0.126347
                 Within R2: 0.160255
> print(summary(feols(elasticity ~ mppsf | year, data = dtGroup[JURISDICTION == "City of Vancouver"])))
OLS estimation, Dep. Var.: elasticity
Observations: 98
Fixed-effects: year: 9
Standard-errors: IID 
      Estimate Std. Error t value  Pr(>|t|)    
mppsf 0.388605   0.131588  2.9532 0.0040326 ** 
---
Signif. codes:  0 '***' 0.001 '**' 0.01 '*' 0.05 '.' 0.1 ' ' 1
RMSE: 0.260863     Adj. R2: 0.062194
                 Within R2: 0.09017 
> 
> # ── feols by use type for etable (full dtMerge, not lot subset) ──
> rs <- feols(logppsf ~ logsqft | year + NEIGHBOURHOOD, data = dtMerge[use == "single"])
NOTES: 1 observation removed because of infinite values (LHS: 1, RHS: 1).
       0/8 fixed-effect singletons were removed (8 observations).
> rd <- feols(logppsf ~ logsqft | year + NEIGHBOURHOOD, data = dtMerge[use == "duplex"])
NOTE: 0/11 fixed-effect singletons were removed (11 observations).
> rc <- feols(logppsf ~ logsqft | year + NEIGHBOURHOOD, data = dtMerge[use == "condo"])
NOTES: 2 observations removed because of infinite values (LHS: 2).
       0/1 fixed-effect singleton was removed (1 observation).
> etable(rs, rd, rc, tex = TRUE,
+        title = "Elasticity of ppsf wrt sqft by type",
+        fitstat = c("n","r2","ar2"), digits = 3,
+        file = "text/ppsfElasticityByType.tex")
> 
> # ── Scatter: elasticity vs mean log ppsf, faceted by year (metro single, lot subset) ──
> ggplot(dtGroup, aes(x = mppsf, y = elasticity, size = nGroup)) +
+   geom_point() + facet_wrap(~year) + theme_bw() +
+   labs(y = "Elasticity of ppsf wrt sqft", x = "Mean log ppsf", size = "N obs") +
+   ylim(-1.25, .25)
Warning message:
Removed 6 rows containing missing values or values outside the scale range
(`geom_point()`). 
> ggsave("text/ppsfElasticitySingleMetro.png", width = 10, height = 6)
Warning message:
Removed 6 rows containing missing values or values outside the scale range
(`geom_point()`). 
> 
> # ── Distribution plot: mean log ppsf by neighbourhood x year, City of Vancouver (single, all lots) ──
> dtVanGroup <- dtMerge[JURISDICTION == "City of Vancouver" & use == "single",
+                       .(mean_logppsf = mean(logppsf, na.rm = TRUE),
+                         EastWest = ifelse(mean(lon, na.rm = TRUE) <= LON_ONTARIO, "West", "East")),
+                       by = .(NEIGHBOURHOOD, year)]
> p <- ggplot(dtVanGroup, aes(x = factor(year), y = mean_logppsf, colour = EastWest)) +
+   geom_jitter(width = 0.15, size = 2, alpha = 0.75) +
+   scale_colour_manual(values = c("East" = "#E69F00", "West" = "#0072B2"),
+                       name = "East/West of Ontario St") +
+   theme_bw() +
+   labs(title = "City of Vancouver — Mean log price/sqft by neighbourhood (single)",
+        x = "Year", y = "Mean log price per sq ft")
> print(p)
Warning message:
In grid.Call.graphics(C_text, as.graphicsAnnot(x$label), x$x, x$y,  :
  for 'City of Vancouver — Mean log price/sqft by neighbourhood (single)' in 'mbcsToSbcs': - substituted for — (U+2014)
> ggsave("text/logppsf_distribution_Van_single.png", plot = p, width = 10, height = 6)
> 
> # ── Prediction: 33x122 lot, 0.7 FSR single vs 2 x 0.35 FSR duplexes ──
> LOT_W <- 33; LOT_D <- 122
> SQFT_SINGLE <- 0.70 * LOT_W * LOT_D   # 2,805 sqft
> SQFT_DUPLEX <- 0.35 * LOT_W * LOT_D   # 1,402 sqft per unit
> 
> # Predict log ppsf at target sqft using neighbourhood-year regression line:
> #   logppsf_hat = mppsf + elasticity * (log(target_sqft) - mlogsqft)
> # Do this for period of 2017-2018 because of endogeneity of prices to supply by neighbourhood.
> # Do a regression per neighbourhood and compare regression among single family homes to duplex actuals
> dtPred <- data.table(NEIGHBOURHOOD=character(),intercept=numeric(),elasticity=numeric(),fittedSingle=numeric(),meanSingle=numeric(),fittedDuplex=numeric(),meanDuplex=numeric())
> for (n in unique(dtMerge[JURISDICTION=="City of Vancouver", NEIGHBOURHOOD])) {
+ 	dtTemp <- dtMerge[JURISDICTION=="City of Vancouver" & NEIGHBOURHOOD==n & year %in% 2017:2018 & ((Land_Width_Width >= LOT_WIDTH_LO & Land_Width_Width <= LOT_WIDTH_HI & Land_Depth_Depth >= LOT_DEPTH_MIN )| is.na(Land_Width_Width)) & age >= MINAGE & age <= MAXAGE]
+ 	if (nrow(dtTemp[use=="single"]) > 20) {
+ 		m <- feols(logppsf ~ logsqft + log(age), data = dtTemp[use == "single"])
+ 		intercept <- coef(m)["(Intercept)"]
+ 		elasticity <- coef(m)["logsqft"]
+ 		meanSingle <- mean(dtTemp[use == "single", exp(logppsf)], na.rm = TRUE)
+ 		meanDuplex <- mean(dtTemp[use == "duplex", exp(logppsf)], na.rm = TRUE)
+ 		dtPred <- rbind(dtPred, data.table(NEIGHBOURHOOD=n, intercept=intercept, elasticity=elasticity, fittedSingle = exp(intercept+elasticity*log(SQFT_SINGLE)),meanSingle=meanSingle, fittedDuplex=exp(intercept+elasticity*log(SQFT_DUPLEX)), meanDuplex=meanDuplex))
+ 	} else {print(paste("Skipping", n, "due to insufficient observations"))}
+ }
NOTE: 4 observations removed because of infinite values (RHS: 4).
NOTE: 1 observation removed because of infinite values (RHS: 1).
NOTE: 2 observations removed because of infinite values (RHS: 2).
NOTE: 1 observation removed because of infinite values (RHS: 1).
[1] "Skipping Southlands due to insufficient observations"
[1] "Skipping Fairview due to insufficient observations"
[1] "Skipping Shaughnessy due to insufficient observations"
[1] "Skipping South Granville due to insufficient observations"
[1] "Skipping Oakridge due to insufficient observations"
NOTE: 1 observation removed because of infinite values (RHS: 1).
[1] "Skipping Mount Pleasant due to insufficient observations"
NOTE: 2 observations removed because of infinite values (RHS: 2).
[1] "Skipping Marine Drive due to insufficient observations"
NOTE: 2 observations removed because of infinite values (RHS: 2).
NOTE: 4 observations removed because of infinite values (RHS: 4).
NOTE: 5 observations removed because of infinite values (RHS: 5).
NOTE: 4 observations removed because of infinite values (RHS: 4).
NOTE: 2 observations removed because of infinite values (RHS: 2).
NOTE: 2 observations removed because of infinite values (RHS: 2).
[1] "Skipping Fraserview due to insufficient observations"
[1] "Skipping Downtown due to insufficient observations"
[1] "Skipping West End due to insufficient observations"
[1] "Skipping Coal Harbour due to insufficient observations"
[1] "Skipping Downtown South due to insufficient observations"
[1] "Skipping False Creek North due to insufficient observations"
> 
> fwrite(dtPred, "~/OneDrive - UBC/dataProcessed/ppsfElasticityPredictionsByNeighbourhood.csv")
> 
> 
> proc.time()
   user  system elapsed 
 33.482   1.111  18.304 
