
R version 4.5.2 (2025-10-31) -- "[Not] Part in a Rumble"
Copyright (C) 2025 The R Foundation for Statistical Computing
Platform: aarch64-apple-darwin20

R is free software and comes with ABSOLUTELY NO WARRANTY.
You are welcome to redistribute it under certain conditions.
Type 'license()' or 'licence()' for distribution details.

  Natural language support but running in an English locale

R is a collaborative project with many contributors.
Type 'contributors()' for more information and
'citation()' on how to cite R or R packages in publications.

Type 'demo()' for some demos, 'help()' for on-line help, or
'help.start()' for an HTML browser interface to help.
Type 'q()' to quit R.

> # vancouverDuplexChoice.R
> # Downstream of vancouverElasticityPrice.R.
> # Permit-level discrete choice: does a permit build a duplex or a single
> # detached house? Regressors are the local price level and local
> # elasticity surfaces estimated at each permit's location.
> #
> # Spec strategy (per Tom): three horse races, one per elasticity surface.
> # In each race, three nested logits:
> #   A) localPPSF only
> #   B) the elasticity surface only
> #   C) both together
> # All specs include the permit's OWN log lot area (developer's scale
> # choice variable, separate from neighborhood surfaces).
> #
> # Hypothesis: localPPSF should beat each elasticity in its horse race,
> # because ppsf and the regulation-induced slope are observationally
> # (nearly) equivalent to builders. The "C" columns tell us whether the
> # elasticity surface carries any incremental information once the price
> # level is conditioned on.
> #
> # Inference: Conley SEs at cutoff = 2 * GWR median effective radius,
> # to handle spatial autocorrelation in the constructed regressors.
> #
> # Tom Davidoff
> # 05/18/26
> 
> library(data.table)
> library(sf)
Linking to GEOS 3.13.0, GDAL 3.8.5, PROJ 9.5.1; sf_use_s2() is TRUE
> library(fixest)
> library(ggplot2)
> library(ggspatial)
> 
> # ---------------------------------------------------------------------------
> # Config -- paths must match vancouverElasticityPrice.R
> # ---------------------------------------------------------------------------
> cfg <- list(
+   crsProj           = 26910,
+   permitFile        = "~/DropboxExternal/dataRaw/issued-building-permits.csv",
+   zoningGeojson    = "~/DropboxExternal/dataRaw/vancouver_zoning.geojson",
+   targetZone        = "R1-1",
+   permitYearRange   = c(2019, 2023),
+   parcelRDSDir      = "~/DropboxExternal/dataProcessed/",
+   surfacesRDS       = "~/DropboxExternal/dataProcessed/covElasticityPrice_permitSurfaces.rds",
+   # Conley cutoff in km. Set roughly to 2 * median GWR radius, to be
+   # tightened/loosened below after we see the median radius from the
+   # surfaces export. 3 km is a defensible default for k~750 GWR in COV.
+   conleyCutoffKM    = 3.0,
+   # Plotting (match vancouverLotPlex.R conventions)
+   xlim              = c(-123.23, -123.02),
+   ylim              = c( 49.20,   49.32),
+   tileZoom          = 12,
+   outDir            = "text/",
+   # Width filter: exact landWidth (rounded). 33 = "33-ft lot", 50 = "50-ft lot".
+   width33           = 33,
+   width50           = 50,
+   # Cambie corridor exclusion: Oak St (W) to Main St (E), south of W
+   # 16th Ave, southern edge open. Drops sales/permits where SF
+   # transactions reflect redevelopment-option value from the Cambie
+   # corridor upzoning (and its bleed into adjacent west-side blocks)
+   # rather than the SF-density structural pricing the model expects.
+   # Coordinates: Oak ~-123.130, Main ~-123.101, W 16th lat ~49.258.
+   excludeBox        = list(
+     lonMin = -123.130,
+     lonMax = -123.101,
+     latMax =   49.258,
+     latMin = -Inf
+   )
+ )
> 
> # ---------------------------------------------------------------------------
> # 1. Load permits with use category (need isDuplex AND lon/lat in the
> #    SAME order as the surfaces export -- which means using the SAME
> #    loadPermits filter chain, but retaining SpecificUseCategory).
> # ---------------------------------------------------------------------------
> loadPermitsTagged <- function(cfg) {
+   dp <- fread(cfg$permitFile,
+     select = c("PermitNumber","ProjectValue","TypeOfWork",
+                "PropertyUse","SpecificUseCategory",
+                "geo_point_2d","YearMonth"))
+   dp <- dp[PropertyUse == "Dwelling Uses" &
+            TypeOfWork %in% c("New Building","Addition / Alteration")]
+   dp[, c("permitLat","permitLon") := tstrsplit(geo_point_2d, ", ")]
+   dp[, `:=`(permitLat = as.numeric(permitLat),
+             permitLon = as.numeric(permitLon))]
+   dp <- dp[!is.na(permitLat) & !is.na(permitLon)]
+   dp[, Year := as.numeric(substring(YearMonth, 1, 4))]
+   dp <- dp[Year %between% cfg$permitYearRange]
+   dp <- dp[grepl("Duplex|Single Detached House|Laneway House|Multiple Dwelling",
+                  SpecificUseCategory)]
+   sfP <- st_as_sf(dp[, .(permitLat, permitLon, SpecificUseCategory)],
+                   coords = c("permitLon","permitLat"), crs = 4326)
+   dZ <- st_read(cfg$zoningGeojson, quiet = TRUE)
+   dZ <- dZ[dZ$zoning_district == cfg$targetZone, "zoning_district"]
+   sfP <- st_transform(sfP, st_crs(dZ))
+   sfP <- st_join(sfP, dZ, join = st_within)
+   sfP <- sfP[!is.na(sfP$zoning_district), ]
+   sfP <- st_transform(sfP, 4326)
+   data.table(lon    = st_coordinates(sfP)[, 1],
+              lat    = st_coordinates(sfP)[, 2],
+              useCat = sfP$SpecificUseCategory)
+ }
> 
> # Attach each permit's OWN log lot area AND lot width by point-in-polygon
> # join: permit centroid must fall within a BCA single-family parcel
> # polygon. Permits that don't land on an SF parcel (e.g. on an existing
> # duplex, multi-family, vacant non-residential, or off-parcel) get NA
> # and are dropped downstream. Enforces "former single family" sample.
> attachOwnLotArea <- function(permits, dtSF, cfg) {
+   # dtSF is an sf object with polygon geometry (see bcaVancouverParcelExtract.R).
+   # Filter to parcels with usable width/depth.
+   sfB <- dtSF[!is.na(dtSF$landWidth) & !is.na(dtSF$landDepth) &
+               dtSF$landWidth > 0 & dtSF$landDepth > 0, ]
+   sfB$landArea <- as.numeric(sfB$landWidth) * as.numeric(sfB$landDepth)
+   sfB <- sfB[sfB$landArea > 0, ]
+   sfB <- st_transform(sfB, cfg$crsProj)
+   sfB <- st_make_valid(sfB)
+ 
+   sfP <- st_transform(
+             st_as_sf(copy(permits), coords = c("lon","lat"),
+                      crs = 4326, remove = FALSE),
+             cfg$crsProj)
+   idx <- st_within(sfP, sfB)
+   hit <- lengths(idx) > 0
+   first <- vapply(idx, function(x) if (length(x) > 0) x[1] else NA_integer_,
+                   integer(1))
+ 
+   permits[, permitLandArea  := NA_real_]
+   permits[, permitLandWidth := NA_real_]
+   permits[hit, permitLandArea  := sfB$landArea[first[hit]]]
+   permits[hit, permitLandWidth := as.numeric(sfB$landWidth[first[hit]])]
+   permits[, permitLogArea   := log(permitLandArea)]
+ 
+   cat(sprintf("Permits on a former-SF parcel: %d / %d (%.1f%%)\n",
+               sum(hit), length(hit), 100 * mean(hit)))
+   permits[]
+ }
> 
> # Drop rows inside cfg$excludeBox (Cambie corridor). Applied to any
> # data.table with lon/lat. NULL or missing box -> no-op.
> applyExcludeBox <- function(dt, cfg) {
+   bx <- cfg$excludeBox
+   if (is.null(bx)) return(dt)
+   in_box <- dt$lon >= bx$lonMin & dt$lon <= bx$lonMax &
+             dt$lat >= bx$latMin & dt$lat <= bx$latMax
+   cat(sprintf("applyExcludeBox: dropping %d / %d rows in Cambie box\n",
+               sum(in_box, na.rm = TRUE), nrow(dt)))
+   dt[!in_box | is.na(in_box)]
+ }
> 
> # ---------------------------------------------------------------------------
> # 2. Load surfaces from the unified export
> # ---------------------------------------------------------------------------
> if (!file.exists(path.expand(cfg$surfacesRDS)))
+   stop(sprintf("%s not found. Run vancouverElasticityPrice.R first.",
+                cfg$surfacesRDS))
> surfaces <- as.data.table(readRDS(path.expand(cfg$surfacesRDS)))
> cat(sprintf("\nSurfaces export: %d rows, columns:\n", nrow(surfaces)))

Surfaces export: 6336 rows, columns:
> print(names(surfaces))
[1] "lon"                     "lat"                    
[3] "slope_singleFamilyPre"   "seSlope_singleFamilyPre"
[5] "slope_strataPre"         "seSlope_strataPre"      
[7] "slope_duplexPremium33"   "seSlope_duplexPremium33"
[9] "localPPSF"              
> 
> # ---------------------------------------------------------------------------
> # 3. Load permits, tag isDuplex, attach own lot area
> # ---------------------------------------------------------------------------
> permits <- loadPermitsTagged(cfg)
> cat(sprintf("\nPermits in R1-1, %d-%d: %d total\n",
+             cfg$permitYearRange[1], cfg$permitYearRange[2], nrow(permits)))

Permits in R1-1, 2019-2023: 6336 total
> print(permits[, .N, by = useCat][order(-N)])
                                                            useCat     N
                                                            <char> <int>
 1:                                                  Laneway House  1836
 2:                                          Single Detached House  1828
 3:                              Single Detached House w/Sec Suite  1734
 4:                                                         Duplex   394
 5:                                       Duplex w/Secondary Suite   313
 6:                       Duplex w/Secondary Suite,Secondary Suite    64
 7:                                   Infill Single Detached House    58
 8:                                              Multiple Dwelling    30
 9:                       Secondary Suite,Duplex w/Secondary Suite    27
10:                                          Duplex,Lock -off Unit    12
11:        Single Detached House w/Sec Suite,Single Detached House     8
12:        Single Detached House,Single Detached House w/Sec Suite     8
13:                                                  Infill Duplex     5
14:                        Lock -off Unit,Duplex w/Secondary Suite     5
15:                                          Lock -off Unit,Duplex     4
16:                                       Infill Multiple Dwelling     3
17:      Infill,Multiple Conversion Dwelling,Single Detached House     2
18:                                   Single Detached House,Duplex     1
19:             Multiple Conversion Dwelling,Single Detached House     1
20: Single Detached House w/Sec Suite,Infill Single Detached House     1
21: Multiple Conversion Dwelling,Single Detached House w/Sec Suite     1
22:                          Duplex,Lock -off Unit,Secondary Suite     1
                                                            useCat     N
                                                            <char> <int>
> 
> # Cambie corridor exclusion. Must be applied here (BEFORE the cbind
> # with surfaces) because vancouverElasticityPrice.R applies the same
> # exclusion to its permits before estimating surfaces. With both sides
> # excised in the same order, the row counts and order match.
> permits <- applyExcludeBox(permits, cfg)
applyExcludeBox: dropping 640 / 6336 rows in Cambie box
> 
> if (nrow(permits) != nrow(surfaces))
+   warning(sprintf("Permit count (%d) != surfaces row count (%d). ",
+                   "Check that vancouverElasticityPrice.R was run with the ",
+                   "same cfg$permitYearRange, zoning filter, AND excludeBox.",
+                   nrow(permits), nrow(surfaces)))
Error in sprintf("Permit count (%d) != surfaces row count (%d). ", "Check that vancouverElasticityPrice.R was run with the ",  : 
  invalid format '%d'; use format %s for character objects
Execution halted
